<?xml version="1.0" encoding="UTF-8" ?>
<testsuite tests="3" failures="0" name="com.glady.backend.challenge.MealDepositServiceTest" time="0.05" errors="0" skipped="0">
  <properties>
[...]
</properties>
  <testcase classname="com.glady.backend.challenge.MealDepositServiceTest" name="testExpirationDate" time="0.016"/>
  <testcase classname="com.glady.backend.challenge.MealDepositServiceTest" name="testUsersRegistred" time="0.033"/>
  <testcase classname="com.glady.backend.challenge.MealDepositServiceTest" name="shouldRegisterMealDeposit" time="0.001"/>
</testsuite>